<?xml version="1.0" encoding="UTF-8"?>
<!-- Generated by org.testng.reporters.JUnitReportReporter -->
<testsuite hostname="DESKTOP-94BPE5M" failures="0" tests="1" name="Sauce_Test_Pack.LoginTest" time="0.537" errors="0" timestamp="2024-04-24T23:52:36 IST" skipped="0">
  <testcase classname="Sauce_Test_Pack.LoginTest" name="Ltest" time="0.537"/>
</testsuite> <!-- Sauce_Test_Pack.LoginTest -->
